<?xml version="1.0" encoding="UTF-8"?>
<testsuite xmlns:xsi="http://www.w3.org/2001/XMLSchema-instance" xsi:noNamespaceSchemaLocation="https://maven.apache.org/surefire/maven-surefire-plugin/xsd/surefire-test-report.xsd" name="programmerstasken.qualityunit.SimpleTests" time="0.04" tests="5" errors="0" skipped="0" failures="0">
  <properties>
[...]
</properties>
  <testcase name="ServiceIdTest" classname="programmerstasken.qualityunit.SimpleTests" time="0.004"/>
  <testcase name="ProcessorTest" classname="programmerstasken.qualityunit.SimpleTests" time="0.027"/>
  <testcase name="QueryLineTest" classname="programmerstasken.qualityunit.SimpleTests" time="0.002"/>
  <testcase name="WaitingTimeLineTest" classname="programmerstasken.qualityunit.SimpleTests" time="0.002"/>
  <testcase name="QuestionTypeIdTest" classname="programmerstasken.qualityunit.SimpleTests" time="0.001"/>
</testsuite>